2019-06-03 23:09:35:999 [Appium] Welcome to Appium v1.13.0
2019-06-03 23:09:36:000 [Appium] Non-default server args:
2019-06-03 23:09:36:001 [Appium]   port: 4726
2019-06-03 23:09:36:001 [Appium]   bootstrapPort: 5556
2019-06-03 23:09:36:001 [Appium]   sessionOverride: true
2019-06-03 23:09:36:001 [Appium]   logFile: /Users/sagardodia/Desktop/MobileTestRefs/appiumgridfiles/appium_2.log
2019-06-03 23:09:36:002 [Appium]   nodeconfig: /Users/sagardodia/Desktop/MobileTestRefs/appiumgridfiles/all.json
2019-06-03 23:09:36:002 [Appium]   chromeDriverPort: 5645
2019-06-03 23:09:36:002 [Appium]   udid: 2973c08c291c7ece
2019-06-03 23:09:36:002 [Appium] Deprecated server args:
2019-06-03 23:09:36:002 [Appium]   -U,--udid => --default-capabilities '{"udid":"2973c08c291c7ece"}'
2019-06-03 23:09:36:003 [Appium] Default capabilities, which will be added to each request unless overridden by desired capabilities:
2019-06-03 23:09:36:003 [Appium]   udid: 2973c08c291c7ece
2019-06-03 23:09:36:063 [Appium] Starting auto register thread for grid. Will try to register every 5000 ms.
2019-06-03 23:09:36:064 [Appium] Appium REST http interface listener started on 0.0.0.0:4726
2019-06-03 23:09:41:116 [Appium] Appium successfully registered with the grid on http://localhost:4444
2019-06-03 23:09:48:380 [HTTP] --> GET /wd/hub/status
2019-06-03 23:09:48:380 [HTTP] {}
2019-06-03 23:09:48:382 [GENERIC] Calling AppiumDriver.getStatus() with args: []
2019-06-03 23:09:48:383 [GENERIC] Responding to client with driver.getStatus() result: {"build":{"version":"1.13.0"}}
2019-06-03 23:09:48:386 [HTTP] <-- GET /wd/hub/status 200 5 ms - 68
2019-06-03 23:09:48:386 [HTTP] 
2019-06-03 23:09:50:404 [HTTP] --> GET /wd/hub/status
2019-06-03 23:09:50:404 [HTTP] {}
2019-06-03 23:09:50:404 [GENERIC] Calling AppiumDriver.getStatus() with args: []
2019-06-03 23:09:50:405 [GENERIC] Responding to client with driver.getStatus() result: {"build":{"version":"1.13.0"}}
2019-06-03 23:09:50:406 [HTTP] <-- GET /wd/hub/status 200 2 ms - 68
2019-06-03 23:09:50:406 [HTTP] 
2019-06-03 23:09:52:413 [HTTP] --> GET /wd/hub/status
2019-06-03 23:09:52:414 [HTTP] {}
2019-06-03 23:09:52:414 [GENERIC] Calling AppiumDriver.getStatus() with args: []
2019-06-03 23:09:52:414 [GENERIC] Responding to client with driver.getStatus() result: {"build":{"version":"1.13.0"}}
2019-06-03 23:09:52:415 [HTTP] <-- GET /wd/hub/status 200 1 ms - 68
2019-06-03 23:09:52:415 [HTTP] 
2019-06-03 23:09:54:423 [HTTP] --> GET /wd/hub/status
2019-06-03 23:09:54:424 [HTTP] {}
2019-06-03 23:09:54:424 [GENERIC] Calling AppiumDriver.getStatus() with args: []
2019-06-03 23:09:54:424 [GENERIC] Responding to client with driver.getStatus() result: {"build":{"version":"1.13.0"}}
2019-06-03 23:09:54:425 [HTTP] <-- GET /wd/hub/status 200 2 ms - 68
2019-06-03 23:09:54:426 [HTTP] 
2019-06-03 23:09:56:430 [HTTP] --> GET /wd/hub/status
2019-06-03 23:09:56:431 [HTTP] {}
2019-06-03 23:09:56:431 [GENERIC] Calling AppiumDriver.getStatus() with args: []
2019-06-03 23:09:56:431 [GENERIC] Responding to client with driver.getStatus() result: {"build":{"version":"1.13.0"}}
2019-06-03 23:09:56:432 [HTTP] <-- GET /wd/hub/status 200 1 ms - 68
2019-06-03 23:09:56:432 [HTTP] 
2019-06-03 23:09:58:439 [HTTP] --> GET /wd/hub/status
2019-06-03 23:09:58:440 [HTTP] {}
2019-06-03 23:09:58:440 [GENERIC] Calling AppiumDriver.getStatus() with args: []
2019-06-03 23:09:58:440 [GENERIC] Responding to client with driver.getStatus() result: {"build":{"version":"1.13.0"}}
2019-06-03 23:09:58:441 [HTTP] <-- GET /wd/hub/status 200 1 ms - 68
2019-06-03 23:09:58:441 [HTTP] 
2019-06-03 23:10:00:445 [HTTP] --> GET /wd/hub/status
2019-06-03 23:10:00:445 [HTTP] {}
2019-06-03 23:10:00:445 [GENERIC] Calling AppiumDriver.getStatus() with args: []
2019-06-03 23:10:00:445 [GENERIC] Responding to client with driver.getStatus() result: {"build":{"version":"1.13.0"}}
2019-06-03 23:10:00:446 [HTTP] <-- GET /wd/hub/status 200 1 ms - 68
2019-06-03 23:10:00:446 [HTTP] 
2019-06-03 23:10:02:452 [HTTP] --> GET /wd/hub/status
2019-06-03 23:10:02:453 [HTTP] {}
2019-06-03 23:10:02:453 [GENERIC] Calling AppiumDriver.getStatus() with args: []
2019-06-03 23:10:02:453 [GENERIC] Responding to client with driver.getStatus() result: {"build":{"version":"1.13.0"}}
2019-06-03 23:10:02:455 [HTTP] <-- GET /wd/hub/status 200 2 ms - 68
2019-06-03 23:10:02:455 [HTTP] 
2019-06-03 23:10:04:461 [HTTP] --> GET /wd/hub/status
2019-06-03 23:10:04:461 [HTTP] {}
2019-06-03 23:10:04:462 [GENERIC] Calling AppiumDriver.getStatus() with args: []
2019-06-03 23:10:04:462 [GENERIC] Responding to client with driver.getStatus() result: {"build":{"version":"1.13.0"}}
2019-06-03 23:10:04:462 [HTTP] <-- GET /wd/hub/status 200 1 ms - 68
2019-06-03 23:10:04:463 [HTTP] 
2019-06-03 23:10:06:469 [HTTP] --> GET /wd/hub/status
2019-06-03 23:10:06:469 [HTTP] {}
2019-06-03 23:10:06:469 [GENERIC] Calling AppiumDriver.getStatus() with args: []
2019-06-03 23:10:06:470 [GENERIC] Responding to client with driver.getStatus() result: {"build":{"version":"1.13.0"}}
2019-06-03 23:10:06:470 [HTTP] <-- GET /wd/hub/status 200 1 ms - 68
2019-06-03 23:10:06:470 [HTTP] 
2019-06-03 23:10:06:878 [HTTP] --> GET /wd/hub/status
2019-06-03 23:10:06:878 [HTTP] {}
2019-06-03 23:10:06:879 [GENERIC] Calling AppiumDriver.getStatus() with args: []
2019-06-03 23:10:06:879 [GENERIC] Responding to client with driver.getStatus() result: {"build":{"version":"1.13.0"}}
2019-06-03 23:10:06:880 [HTTP] <-- GET /wd/hub/status 200 1 ms - 68
2019-06-03 23:10:06:880 [HTTP] 
2019-06-03 23:10:08:478 [HTTP] --> GET /wd/hub/status
2019-06-03 23:10:08:479 [HTTP] {}
2019-06-03 23:10:08:479 [GENERIC] Calling AppiumDriver.getStatus() with args: []
2019-06-03 23:10:08:479 [GENERIC] Responding to client with driver.getStatus() result: {"build":{"version":"1.13.0"}}
2019-06-03 23:10:08:480 [HTTP] <-- GET /wd/hub/status 200 1 ms - 68
2019-06-03 23:10:08:480 [HTTP] 
2019-06-03 23:10:10:487 [HTTP] --> GET /wd/hub/status
2019-06-03 23:10:10:487 [HTTP] {}
2019-06-03 23:10:10:487 [GENERIC] Calling AppiumDriver.getStatus() with args: []
2019-06-03 23:10:10:488 [GENERIC] Responding to client with driver.getStatus() result: {"build":{"version":"1.13.0"}}
2019-06-03 23:10:10:489 [HTTP] <-- GET /wd/hub/status 200 1 ms - 68
2019-06-03 23:10:10:489 [HTTP] 
2019-06-03 23:10:12:492 [HTTP] --> GET /wd/hub/status
2019-06-03 23:10:12:493 [HTTP] {}
2019-06-03 23:10:12:493 [GENERIC] Calling AppiumDriver.getStatus() with args: []
2019-06-03 23:10:12:494 [GENERIC] Responding to client with driver.getStatus() result: {"build":{"version":"1.13.0"}}
2019-06-03 23:10:12:494 [HTTP] <-- GET /wd/hub/status 200 2 ms - 68
2019-06-03 23:10:12:495 [HTTP] 
2019-06-03 23:10:14:501 [HTTP] --> GET /wd/hub/status
2019-06-03 23:10:14:501 [HTTP] {}
2019-06-03 23:10:14:501 [GENERIC] Calling AppiumDriver.getStatus() with args: []
2019-06-03 23:10:14:502 [GENERIC] Responding to client with driver.getStatus() result: {"build":{"version":"1.13.0"}}
2019-06-03 23:10:14:502 [HTTP] <-- GET /wd/hub/status 200 1 ms - 68
2019-06-03 23:10:14:502 [HTTP] 
2019-06-03 23:10:16:509 [HTTP] --> GET /wd/hub/status
2019-06-03 23:10:16:509 [HTTP] {}
2019-06-03 23:10:16:510 [GENERIC] Calling AppiumDriver.getStatus() with args: []
2019-06-03 23:10:16:510 [GENERIC] Responding to client with driver.getStatus() result: {"build":{"version":"1.13.0"}}
2019-06-03 23:10:16:511 [HTTP] <-- GET /wd/hub/status 200 2 ms - 68
2019-06-03 23:10:16:511 [HTTP] 
2019-06-03 23:10:18:519 [HTTP] --> GET /wd/hub/status
2019-06-03 23:10:18:519 [HTTP] {}
2019-06-03 23:10:18:519 [GENERIC] Calling AppiumDriver.getStatus() with args: []
2019-06-03 23:10:18:520 [GENERIC] Responding to client with driver.getStatus() result: {"build":{"version":"1.13.0"}}
2019-06-03 23:10:18:520 [HTTP] <-- GET /wd/hub/status 200 2 ms - 68
2019-06-03 23:10:18:521 [HTTP] 
2019-06-03 23:10:20:526 [HTTP] --> GET /wd/hub/status
2019-06-03 23:10:20:527 [HTTP] {}
2019-06-03 23:10:20:527 [GENERIC] Calling AppiumDriver.getStatus() with args: []
2019-06-03 23:10:20:528 [GENERIC] Responding to client with driver.getStatus() result: {"build":{"version":"1.13.0"}}
2019-06-03 23:10:20:529 [HTTP] <-- GET /wd/hub/status 200 2 ms - 68
2019-06-03 23:10:20:529 [HTTP] 
2019-06-03 23:10:22:537 [HTTP] --> GET /wd/hub/status
2019-06-03 23:10:22:537 [HTTP] {}
2019-06-03 23:10:22:537 [GENERIC] Calling AppiumDriver.getStatus() with args: []
2019-06-03 23:10:22:538 [GENERIC] Responding to client with driver.getStatus() result: {"build":{"version":"1.13.0"}}
2019-06-03 23:10:22:538 [HTTP] <-- GET /wd/hub/status 200 2 ms - 68
2019-06-03 23:10:22:539 [HTTP] 
2019-06-03 23:10:24:546 [HTTP] --> GET /wd/hub/status
2019-06-03 23:10:24:546 [HTTP] {}
2019-06-03 23:10:24:547 [GENERIC] Calling AppiumDriver.getStatus() with args: []
2019-06-03 23:10:24:547 [GENERIC] Responding to client with driver.getStatus() result: {"build":{"version":"1.13.0"}}
2019-06-03 23:10:24:547 [HTTP] <-- GET /wd/hub/status 200 1 ms - 68
2019-06-03 23:10:24:548 [HTTP] 
2019-06-03 23:10:26:554 [HTTP] --> GET /wd/hub/status
2019-06-03 23:10:26:554 [HTTP] {}
2019-06-03 23:10:26:554 [GENERIC] Calling AppiumDriver.getStatus() with args: []
2019-06-03 23:10:26:555 [GENERIC] Responding to client with driver.getStatus() result: {"build":{"version":"1.13.0"}}
2019-06-03 23:10:26:555 [HTTP] <-- GET /wd/hub/status 200 1 ms - 68
2019-06-03 23:10:26:556 [HTTP] 
2019-06-03 23:10:28:564 [HTTP] --> GET /wd/hub/status
2019-06-03 23:10:28:564 [HTTP] {}
2019-06-03 23:10:28:565 [GENERIC] Calling AppiumDriver.getStatus() with args: []
2019-06-03 23:10:28:565 [GENERIC] Responding to client with driver.getStatus() result: {"build":{"version":"1.13.0"}}
2019-06-03 23:10:28:566 [HTTP] <-- GET /wd/hub/status 200 1 ms - 68
2019-06-03 23:10:28:566 [HTTP] 
2019-06-03 23:10:30:573 [HTTP] --> GET /wd/hub/status
2019-06-03 23:10:30:573 [HTTP] {}
2019-06-03 23:10:30:573 [GENERIC] Calling AppiumDriver.getStatus() with args: []
2019-06-03 23:10:30:574 [GENERIC] Responding to client with driver.getStatus() result: {"build":{"version":"1.13.0"}}
2019-06-03 23:10:30:575 [HTTP] <-- GET /wd/hub/status 200 2 ms - 68
2019-06-03 23:10:30:575 [HTTP] 
2019-06-03 23:10:32:580 [HTTP] --> GET /wd/hub/status
2019-06-03 23:10:32:581 [HTTP] {}
2019-06-03 23:10:32:581 [GENERIC] Calling AppiumDriver.getStatus() with args: []
2019-06-03 23:10:32:581 [GENERIC] Responding to client with driver.getStatus() result: {"build":{"version":"1.13.0"}}
2019-06-03 23:10:32:582 [HTTP] <-- GET /wd/hub/status 200 2 ms - 68
2019-06-03 23:10:32:582 [HTTP] 
2019-06-03 23:10:34:591 [HTTP] --> GET /wd/hub/status
2019-06-03 23:10:34:591 [HTTP] {}
2019-06-03 23:10:34:592 [GENERIC] Calling AppiumDriver.getStatus() with args: []
2019-06-03 23:10:34:592 [GENERIC] Responding to client with driver.getStatus() result: {"build":{"version":"1.13.0"}}
2019-06-03 23:10:34:593 [HTTP] <-- GET /wd/hub/status 200 2 ms - 68
2019-06-03 23:10:34:593 [HTTP] 
